<?xml version="1.0" encoding="UTF-8"?>
<!-- Generated by org.testng.reporters.JUnitReportReporter -->
<testsuite hostname="ABHISHEK" failures="0" tests="1" name="javaCoding.Testing.ErrorValidationsTesting" time="14.350" errors="0" timestamp="2024-12-22T22:12:49 IST" skipped="0">
  <testcase classname="javaCoding.Testing.ErrorValidationsTesting" name="loginErrorValidation" time="14.350"/>
</testsuite> <!-- javaCoding.Testing.ErrorValidationsTesting -->
