<?xml version="1.0" encoding="UTF-8"?>
<!-- Generated by org.testng.reporters.JUnitReportReporter -->
<testsuite hostname="ABHISHEK" failures="0" tests="1" name="javaCoding.Testing.ErrorValidations" time="11.465" errors="0" timestamp="2024-12-08T12:18:39 IST" skipped="0">
  <testcase classname="javaCoding.Testing.ErrorValidations" name="submitOrder" time="11.465"/>
</testsuite> <!-- javaCoding.Testing.ErrorValidations -->
