<?xml version="1.0" encoding="UTF-8"?>
<!-- Generated by org.testng.reporters.JUnitReportReporter -->
<testsuite hostname="ABHISHEK" failures="0" tests="4" name="javaCoding.Testing.PlaceOrderTesting" time="71.441" errors="0" timestamp="2024-12-09T20:40:35 IST" skipped="0">
  <testcase classname="javaCoding.Testing.PlaceOrderTesting" name="loginMessageValidation" time="17.414"/>
  <testcase classname="javaCoding.Testing.PlaceOrderTesting" name="submitOrder" time="18.258"/>
  <testcase classname="javaCoding.Testing.PlaceOrderTesting" name="orderHistoryCheck" time="12.559"/>
  <testcase classname="javaCoding.Testing.PlaceOrderTesting" name="submitOrder" time="23.210"/>
</testsuite> <!-- javaCoding.Testing.PlaceOrderTesting -->
